<?xml version="1.0" encoding="UTF-8"?>
<!-- Generated by org.testng.reporters.JUnitXMLReporter -->
<testsuite hostname="DESKTOP-GUI3J36" ignored="0" name="Surefire test" tests="2" failures="0" timestamp="2021-06-27T12:54:17 EDT" time="35.501" errors="0">
  <testcase name="loginValidation" time="15.607" classname="com.PRregressionSuite.TestScripts_PR_Regression"/>
  <testcase name="makeInOfficeAppointmentValidation" time="14.484" classname="com.PRregressionSuite.TestScripts_PR_Regression"/>
</testsuite> <!-- Surefire test -->
