<?xml version="1.0" encoding="UTF-8"?>
<testsuite xmlns:xsi="http://www.w3.org/2001/XMLSchema-instance" xsi:noNamespaceSchemaLocation="https://maven.apache.org/surefire/maven-surefire-plugin/xsd/surefire-test-report.xsd" name="com.PRregressionSuite.TestScripts_PR_Regression" time="35.83" tests="2" errors="0" skipped="0" failures="0">
  <properties>
[...]
</properties>
  <testcase name="loginValidation" classname="com.PRregressionSuite.TestScripts_PR_Regression" time="15.61"/>
  <testcase name="makeInOfficeAppointmentValidation" classname="com.PRregressionSuite.TestScripts_PR_Regression" time="14.484"/>
</testsuite>